This is pdfTeX, Version 3.14159265-2.6-1.40.21 (MiKTeX 20.12) (preloaded format=pdflatex 2020.12.30)  19 SEP 2022 18:11
entering extended mode
**./Borrador1.tex
(Borrador1.tex
LaTeX2e <2020-10-01> patch level 2
L3 programming layer <2020-12-07> xparse <2020-03-03>
(C:\Users\GAMER\AppData\Local\Programs\MiKTeX\tex/latex/base\book.cls
Document Class: book 2020/04/10 v1.4m Standard LaTeX document class
(C:\Users\GAMER\AppData\Local\Programs\MiKTeX\tex/latex/base\bk12.clo
File: bk12.clo 2020/04/10 v1.4m Standard LaTeX file (size option)
)
\c@part=\count177
\c@chapter=\count178
\c@section=\count179
\c@subsection=\count180
\c@subsubsection=\count181
\c@paragraph=\count182
\c@subparagraph=\count183
\c@figure=\count184
\c@table=\count185
\abovecaptionskip=\skip47
\belowcaptionskip=\skip48
\bibindent=\dimen138
)
(C:\Users\GAMER\AppData\Local\Programs\MiKTeX\tex/latex/base\inputenc.sty
Package: inputenc 2020/08/01 v1.3d Input encoding file
\inpenc@prehook=\toks15
\inpenc@posthook=\toks16
)
(C:\Users\GAMER\AppData\Local\Programs\MiKTeX\tex/latex/base\fontenc.sty
Package: fontenc 2020/08/10 v2.0s Standard LaTeX package
)
(C:\Users\GAMER\AppData\Local\Programs\MiKTeX\tex/latex/xcolor\xcolor.sty
Package: xcolor 2016/05/11 v2.12 LaTeX color extensions (UK)

(C:\Users\GAMER\AppData\Local\Programs\MiKTeX\tex/latex/graphics-cfg\color.cfg
File: color.cfg 2016/01/02 v1.6 sample color configuration
)
Package xcolor Info: Driver file: pdftex.def on input line 225.

(C:\Users\GAMER\AppData\Local\Programs\MiKTeX\tex/latex/graphics-def\pdftex.def
File: pdftex.def 2020/10/05 v1.2a Graphics/color driver for pdftex
)
Package xcolor Info: Model `cmy' substituted by `cmy0' on input line 1348.
Package xcolor Info: Model `hsb' substituted by `rgb' on input line 1352.
Package xcolor Info: Model `RGB' extended on input line 1364.
Package xcolor Info: Model `HTML' substituted by `rgb' on input line 1366.
Package xcolor Info: Model `Hsb' substituted by `hsb' on input line 1367.
Package xcolor Info: Model `tHsb' substituted by `hsb' on input line 1368.
Package xcolor Info: Model `HSB' substituted by `hsb' on input line 1369.
Package xcolor Info: Model `Gray' substituted by `gray' on input line 1370.
Package xcolor Info: Model `wave' substituted by `hsb' on input line 1371.
) (C:\Users\GAMER\AppData\Local\Programs\MiKTeX\tex/latex/amsmath\amsmath.sty
Package: amsmath 2020/09/23 v2.17i AMS math features
\@mathmargin=\skip49

For additional information on amsmath, use the `?' option.
(C:\Users\GAMER\AppData\Local\Programs\MiKTeX\tex/latex/amsmath\amstext.sty
Package: amstext 2000/06/29 v2.01 AMS text

(C:\Users\GAMER\AppData\Local\Programs\MiKTeX\tex/latex/amsmath\amsgen.sty
File: amsgen.sty 1999/11/30 v2.0 generic functions
\@emptytoks=\toks17
\ex@=\dimen139
))
(C:\Users\GAMER\AppData\Local\Programs\MiKTeX\tex/latex/amsmath\amsbsy.sty
Package: amsbsy 1999/11/29 v1.2d Bold Symbols
\pmbraise@=\dimen140
)
(C:\Users\GAMER\AppData\Local\Programs\MiKTeX\tex/latex/amsmath\amsopn.sty
Package: amsopn 2016/03/08 v2.02 operator names
)
\inf@bad=\count186
LaTeX Info: Redefining \frac on input line 234.
\uproot@=\count187
\leftroot@=\count188
LaTeX Info: Redefining \overline on input line 399.
\classnum@=\count189
\DOTSCASE@=\count190
LaTeX Info: Redefining \ldots on input line 496.
LaTeX Info: Redefining \dots on input line 499.
LaTeX Info: Redefining \cdots on input line 620.
\Mathstrutbox@=\box47
\strutbox@=\box48
\big@size=\dimen141
LaTeX Font Info:    Redeclaring font encoding OML on input line 743.
LaTeX Font Info:    Redeclaring font encoding OMS on input line 744.
\macc@depth=\count191
\c@MaxMatrixCols=\count192
\dotsspace@=\muskip16
\c@parentequation=\count193
\dspbrk@lvl=\count194
\tag@help=\toks18
\row@=\count195
\column@=\count196
\maxfields@=\count197
\andhelp@=\toks19
\eqnshift@=\dimen142
\alignsep@=\dimen143
\tagshift@=\dimen144
\tagwidth@=\dimen145
\totwidth@=\dimen146
\lineht@=\dimen147
\@envbody=\toks20
\multlinegap=\skip50
\multlinetaggap=\skip51
\mathdisplay@stack=\toks21
LaTeX Info: Redefining \[ on input line 2923.
LaTeX Info: Redefining \] on input line 2924.
)
(C:\Users\GAMER\AppData\Local\Programs\MiKTeX\tex/latex/amsfonts\amsfonts.sty
Package: amsfonts 2013/01/14 v3.01 Basic AMSFonts support
\symAMSa=\mathgroup4
\symAMSb=\mathgroup5
LaTeX Font Info:    Redeclaring math symbol \hbar on input line 98.
LaTeX Font Info:    Overwriting math alphabet `\mathfrak' in version `bold'
(Font)                  U/euf/m/n --> U/euf/b/n on input line 106.
)
(C:\Users\GAMER\AppData\Local\Programs\MiKTeX\tex/latex/amsfonts\amssymb.sty
Package: amssymb 2013/01/14 v3.01 AMS font symbols
)
(C:\Users\GAMER\AppData\Roaming\MiKTeX\tex/generic/babel\babel.sty
Package: babel 2020/12/16 3.52 The Babel package

(C:\Users\GAMER\AppData\Roaming\MiKTeX\tex/generic/babel\babel.def
File: babel.def 2020/12/16 3.52 Babel common definitions
\babel@savecnt=\count198
\U@D=\dimen148
\l@babelnohyphens=\language79

(C:\Users\GAMER\AppData\Roaming\MiKTeX\tex/generic/babel\txtbabel.def)
\bbl@readstream=\read2
)
\bbl@dirlevel=\count199

*************************************
* Local config file bblopts.cfg used
*
(C:\Users\GAMER\AppData\Local\Programs\MiKTeX\tex/latex/arabi\bblopts.cfg
File: bblopts.cfg 2005/09/08 v0.1 add Arabic and Farsi to "declared" options of
 babel
)
("C:\Program Files\MiKTeX\tex/latex/babel-spanish\spanish.ldf"
Language: spanish.ldf 2016/03/03 v5.0p Spanish support from the babel system
\es@quottoks=\toks22
\es@quotdepth=\count266
Package babel Info: Making " an active character on input line 561.
Package babel Info: Making . an active character on input line 662.
Package babel Info: Making < an active character on input line 707.
Package babel Info: Making > an active character on input line 707.
))
(C:\Users\GAMER\AppData\Local\Programs\MiKTeX\tex/latex/l3backend\l3backend-pdf
tex.def
File: l3backend-pdftex.def 2020-09-24 L3 backend support: PDF output (pdfTeX)
\l__kernel_color_stack_int=\count267
\l__pdf_internal_box=\box49
)
No file Borrador1.aux.
\openout1 = `Borrador1.aux'.

LaTeX Font Info:    Checking defaults for OML/cmm/m/it on input line 14.
LaTeX Font Info:    ... okay on input line 14.
LaTeX Font Info:    Checking defaults for OMS/cmsy/m/n on input line 14.
LaTeX Font Info:    ... okay on input line 14.
LaTeX Font Info:    Checking defaults for OT1/cmr/m/n on input line 14.
LaTeX Font Info:    ... okay on input line 14.
LaTeX Font Info:    Checking defaults for T1/cmr/m/n on input line 14.
LaTeX Font Info:    ... okay on input line 14.
LaTeX Font Info:    Checking defaults for TS1/cmr/m/n on input line 14.
LaTeX Font Info:    ... okay on input line 14.
LaTeX Font Info:    Checking defaults for OMX/cmex/m/n on input line 14.
LaTeX Font Info:    ... okay on input line 14.
LaTeX Font Info:    Checking defaults for U/cmr/m/n on input line 14.
LaTeX Font Info:    ... okay on input line 14.

(C:\Users\GAMER\AppData\Local\Programs\MiKTeX\tex/context/base/mkii\supp-pdf.mk
ii
[Loading MPS to PDF converter (version 2006.09.02).]
\scratchcounter=\count268
\scratchdimen=\dimen149
\scratchbox=\box50
\nofMPsegments=\count269
\nofMParguments=\count270
\everyMPshowfont=\toks23
\MPscratchCnt=\count271
\MPscratchDim=\dimen150
\MPnumerator=\count272
\makeMPintoPDFobject=\count273
\everyMPtoPDFconversion=\toks24
)
LaTeX Info: Redefining \. on input line 14.
LaTeX Info: Redefining \% on input line 14.

Cap\'{\i }tulo 1.
LaTeX Font Info:    Trying to load font information for U+msa on input line 17.

(C:\Users\GAMER\AppData\Local\Programs\MiKTeX\tex/latex/amsfonts\umsa.fd
File: umsa.fd 2013/01/14 v3.01 AMS symbols A
)
LaTeX Font Info:    Trying to load font information for U+msb on input line 17.


(C:\Users\GAMER\AppData\Local\Programs\MiKTeX\tex/latex/amsfonts\umsb.fd
File: umsb.fd 2013/01/14 v3.01 AMS symbols B
)
LaTeX Font Info:    Trying to load font information for OMS+cmr on input line 2
7.

(C:\Users\GAMER\AppData\Local\Programs\MiKTeX\tex/latex/base\omscmr.fd
File: omscmr.fd 2019/12/16 v2.5j Standard LaTeX font definitions
)
LaTeX Font Info:    Font shape `OMS/cmr/m/n' in size <12> not available
(Font)              Font shape `OMS/cmsy/m/n' tried instead on input line 27.

[1


{C:/Users/GAMER/AppData/Local/MiKTeX/pdftex/config/pdftex.map}]
Overfull \hbox (30.993pt too wide) in paragraph at lines 65--68
[]\OT1/cmr/bx/n/12 Escritura enu-me-ra-da\OT1/cmr/m/n/12 : Pa-ra ello de-be-mos
 usar el co-man-do \OT1/cmtt/m/n/12 begin\OMS/cmsy/m/n/12 f[]g 
 []

LaTeX Info: Redefining \. on input line 101.
LaTeX Info: Redefining \% on input line 101.
[2] (Borrador1.aux
LaTeX Info: Redefining \. on input line 8.
LaTeX Info: Redefining \% on input line 8.
) ) 
Here is how much of TeX's memory you used:
 3946 strings out of 479696
 51202 string characters out of 2867135
 346345 words of memory out of 3000000
 21024 multiletter control sequences out of 15000+200000
 417332 words of font info for 78 fonts, out of 3000000 for 9000
 1141 hyphenation exceptions out of 8191
 65i,8n,72p,230b,420s stack positions out of 5000i,500n,10000p,200000b,50000s
 <C:\Users\GAMER\AppData\Local\MiKTeX\fonts/pk/ljfour/jknappen/ec/dpi600\tcr
m1200.pk><C:/Users/GAMER/AppData/Local/Programs/MiKTeX/fonts/type1/public/amsfo
nts/cm/cmbx12.pfb><C:/Users/GAMER/AppData/Local/Programs/MiKTeX/fonts/type1/pub
lic/amsfonts/cm/cmcsc10.pfb><C:/Users/GAMER/AppData/Local/Programs/MiKTeX/fonts
/type1/public/amsfonts/cm/cmex10.pfb><C:/Users/GAMER/AppData/Local/Programs/MiK
TeX/fonts/type1/public/amsfonts/cm/cmmi12.pfb><C:/Users/GAMER/AppData/Local/Pro
grams/MiKTeX/fonts/type1/public/amsfonts/cm/cmmi8.pfb><C:/Users/GAMER/AppData/L
ocal/Programs/MiKTeX/fonts/type1/public/amsfonts/cm/cmr12.pfb><C:/Users/GAMER/A
ppData/Local/Programs/MiKTeX/fonts/type1/public/amsfonts/cm/cmr8.pfb><C:/Users/
GAMER/AppData/Local/Programs/MiKTeX/fonts/type1/public/amsfonts/cm/cmsl12.pfb><
C:/Users/GAMER/AppData/Local/Programs/MiKTeX/fonts/type1/public/amsfonts/cm/cms
l8.pfb><C:/Users/GAMER/AppData/Local/Programs/MiKTeX/fonts/type1/public/amsfont
s/cm/cmss12.pfb><C:/Users/GAMER/AppData/Local/Programs/MiKTeX/fonts/type1/publi
c/amsfonts/cm/cmsy10.pfb><C:/Users/GAMER/AppData/Local/Programs/MiKTeX/fonts/ty
pe1/public/amsfonts/cm/cmti12.pfb><C:/Users/GAMER/AppData/Local/Programs/MiKTeX
/fonts/type1/public/amsfonts/cm/cmtt12.pfb>
Output written on Borrador1.pdf (2 pages, 128738 bytes).
PDF statistics:
 66 PDF objects out of 1000 (max. 8388607)
 0 named destinations out of 1000 (max. 500000)
 1 words of extra memory for PDF output out of 10000 (max. 10000000)

